<?xml version="1.0" encoding="UTF-8"?>
<testsuites name="Mocha Tests" time="6.231" tests="2" failures="1">
  <testsuite name="Root Suite" timestamp="2019-08-10T11:44:56" tests="0" failures="0" time="0">
  </testsuite>
  <testsuite name="Log In Form Test Cases" timestamp="2019-08-10T11:44:56" tests="0" failures="0" time="0">
  </testsuite>
  <testsuite name="4) Forgot Password" timestamp="2019-08-10T11:44:56" tests="1" failures="1" time="0">
    <testcase name="Log In Form Test Cases 4) Forgot Password Reset password" time="0" classname="Reset password">
      <failure message="Timed out after waiting &apos;60000ms&apos; for your remote page to load.

Your page did not fire its &apos;load&apos; event within &apos;60000ms&apos;.

You can try increasing the &apos;pageLoadTimeout&apos; value in &apos;cypress.json&apos; to wait longer.

Browsers will not fire the &apos;load&apos; event until all stylesheets and scripts are done downloading.

When this &apos;load&apos; event occurs, Cypress will continue running commands." type="CypressError"><![CDATA[CypressError: Timed out after waiting '60000ms' for your remote page to load.

Your page did not fire its 'load' event within '60000ms'.

You can try increasing the 'pageLoadTimeout' value in 'cypress.json' to wait longer.

Browsers will not fire the 'load' event until all stylesheets and scripts are done downloading.

When this 'load' event occurs, Cypress will continue running commands.
    at Object.cypressErr (https://www.powr-staging.io/__cypress/runner/cypress_runner.js:85348:11)
    at Object.throwErr (https://www.powr-staging.io/__cypress/runner/cypress_runner.js:85303:18)
    at Object.throwErrByPath (https://www.powr-staging.io/__cypress/runner/cypress_runner.js:85335:17)
    at timedOutWaitingForPageLoad (https://www.powr-staging.io/__cypress/runner/cypress_runner.js:73257:17)
    at https://www.powr-staging.io/__cypress/runner/cypress_runner.js:73460:14
    at tryCatcher (https://www.powr-staging.io/__cypress/runner/cypress_runner.js:118962:23)
    at https://www.powr-staging.io/__cypress/runner/cypress_runner.js:114103:41
    at tryCatcher (https://www.powr-staging.io/__cypress/runner/cypress_runner.js:118962:23)
    at Promise._settlePromiseFromHandler (https://www.powr-staging.io/__cypress/runner/cypress_runner.js:116898:31)
    at Promise._settlePromise (https://www.powr-staging.io/__cypress/runner/cypress_runner.js:116955:18)
    at Promise._settlePromise0 (https://www.powr-staging.io/__cypress/runner/cypress_runner.js:117000:10)
    at Promise._settlePromises (https://www.powr-staging.io/__cypress/runner/cypress_runner.js:117075:18)
    at Async../node_modules/bluebird/js/release/async.js.Async._drainQueue (https://www.powr-staging.io/__cypress/runner/cypress_runner.js:113687:16)
    at Async../node_modules/bluebird/js/release/async.js.Async._drainQueues (https://www.powr-staging.io/__cypress/runner/cypress_runner.js:113697:10)
    at Async.drainQueues (https://www.powr-staging.io/__cypress/runner/cypress_runner.js:113571:14)
    at <anonymous>]]></failure>
    </testcase>
  </testsuite>
  <testsuite name="5) Log In Functionality" timestamp="2019-08-10T11:46:02" tests="1" failures="0" time="6.231">
    <testcase name="Log In Form Test Cases 5) Log In Functionality Check simple Log In" time="6.231" classname="Check simple Log In">
    </testcase>
  </testsuite>
</testsuites>