<?xml version="1.0" encoding="UTF-8"?>
<testsuites name="Mocha Tests" time="0" tests="1" failures="1">
  <testsuite name="Root Suite" timestamp="2019-08-09T09:08:28" tests="0" failures="0" time="0">
  </testsuite>
  <testsuite name="Sign Up Form Test Cases" timestamp="2019-08-09T09:08:28" tests="0" failures="0" time="0">
  </testsuite>
  <testsuite name="3) Existing User Should be able to Login." timestamp="2019-08-09T09:08:28" tests="1" failures="1" time="0">
    <testcase name="Sign Up Form Test Cases 3) Existing User Should be able to Login. &quot;before each&quot; hook for &quot;Existing User try to sign up&quot;" time="0" classname="&quot;before each&quot; hook for &quot;Existing User try to sign up&quot;">
      <failure message="Cannot read property &apos;nodeType&apos; of null

Because this error occurred during a &apos;before each&apos; hook we are skipping the remaining tests in the current suite: &apos;Sign Up Form Test Cases&apos;" type="TypeError"><![CDATA[TypeError: Cannot read property 'nodeType' of null

Because this error occurred during a 'before each' hook we are skipping the remaining tests in the current suite: 'Sign Up Form Test Cases'
    at Object.dom (https://www.powr-staging.io/assets/packs/static-home-4f517c57d844f1c778cc.js:95:3174)
    at J (https://www.powr-staging.io/assets/packs/static-home-4f517c57d844f1c778cc.js:94:508)
    at https://www.powr-staging.io/assets/packs/static-home-4f517c57d844f1c778cc.js:94:3771
    at Array.map (<anonymous>)
    at https://www.powr-staging.io/assets/packs/static-home-4f517c57d844f1c778cc.js:94:3749
    at Array.map (<anonymous>)
    at ea (https://www.powr-staging.io/assets/packs/static-home-4f517c57d844f1c778cc.js:94:3724)
    at fa (https://www.powr-staging.io/assets/packs/static-home-4f517c57d844f1c778cc.js:95:181)
    at q (https://www.powr-staging.io/assets/packs/static-home-4f517c57d844f1c778cc.js:95:1952)
    at 2175.window.after_signin_callback (https://www.powr-staging.io/assets/packs/static-home-4f517c57d844f1c778cc.js:83:1214)]]></failure>
    </testcase>
  </testsuite>
</testsuites>