<?xml version="1.0" encoding="UTF-8"?>
<testsuites name="Mocha Tests" time="79.06700000000001" tests="3" failures="1">
  <testsuite name="Root Suite" timestamp="2019-08-10T11:46:48" tests="0" failures="0" time="0">
  </testsuite>
  <testsuite name="Pricing Page Test Cases" timestamp="2019-08-10T11:46:48" tests="0" failures="0" time="0">
  </testsuite>
  <testsuite name="6) Pricing Page - Check prices" timestamp="2019-08-10T11:46:48" tests="1" failures="1" time="0">
    <testcase name="Pricing Page Test Cases 6) Pricing Page - Check prices &quot;before each&quot; hook for &quot;Check Prices for Social Feed&quot;" time="0" classname="&quot;before each&quot; hook for &quot;Check Prices for Social Feed&quot;">
      <failure message="Timed out after waiting &apos;60000ms&apos; for your remote page to load.

Your page did not fire its &apos;load&apos; event within &apos;60000ms&apos;.

You can try increasing the &apos;pageLoadTimeout&apos; value in &apos;cypress.json&apos; to wait longer.

Browsers will not fire the &apos;load&apos; event until all stylesheets and scripts are done downloading.

When this &apos;load&apos; event occurs, Cypress will continue running commands.

Because this error occurred during a &apos;before each&apos; hook we are skipping the remaining tests in the current suite: &apos;6) Pricing Page - Check prices&apos;" type="CypressError"><![CDATA[CypressError: Timed out after waiting '60000ms' for your remote page to load.

Your page did not fire its 'load' event within '60000ms'.

You can try increasing the 'pageLoadTimeout' value in 'cypress.json' to wait longer.

Browsers will not fire the 'load' event until all stylesheets and scripts are done downloading.

When this 'load' event occurs, Cypress will continue running commands.

Because this error occurred during a 'before each' hook we are skipping the remaining tests in the current suite: '6) Pricing Page - Check prices'
    at Object.cypressErr (https://www.powr-staging.io/__cypress/runner/cypress_runner.js:85348:11)
    at Object.throwErr (https://www.powr-staging.io/__cypress/runner/cypress_runner.js:85303:18)
    at Object.throwErrByPath (https://www.powr-staging.io/__cypress/runner/cypress_runner.js:85335:17)
    at timedOutWaitingForPageLoad (https://www.powr-staging.io/__cypress/runner/cypress_runner.js:73257:17)
    at visit.timeout.catch (https://www.powr-staging.io/__cypress/runner/cypress_runner.js:74011:16)
    at tryCatcher (https://www.powr-staging.io/__cypress/runner/cypress_runner.js:118962:23)
    at https://www.powr-staging.io/__cypress/runner/cypress_runner.js:114103:41
    at tryCatcher (https://www.powr-staging.io/__cypress/runner/cypress_runner.js:118962:23)
    at Promise._settlePromiseFromHandler (https://www.powr-staging.io/__cypress/runner/cypress_runner.js:116898:31)
    at Promise._settlePromise (https://www.powr-staging.io/__cypress/runner/cypress_runner.js:116955:18)
    at Promise._settlePromise0 (https://www.powr-staging.io/__cypress/runner/cypress_runner.js:117000:10)
    at Promise._settlePromises (https://www.powr-staging.io/__cypress/runner/cypress_runner.js:117075:18)
    at Async../node_modules/bluebird/js/release/async.js.Async._drainQueue (https://www.powr-staging.io/__cypress/runner/cypress_runner.js:113687:16)
    at Async../node_modules/bluebird/js/release/async.js.Async._drainQueues (https://www.powr-staging.io/__cypress/runner/cypress_runner.js:113697:10)
    at Async.drainQueues (https://www.powr-staging.io/__cypress/runner/cypress_runner.js:113571:14)
    at <anonymous>]]></failure>
    </testcase>
  </testsuite>
  <testsuite name="6) Pricing Page - Payment Transaction" timestamp="2019-08-10T11:47:49" tests="2" failures="0" time="79.06700000000001">
    <testcase name="Pricing Page Test Cases 6) Pricing Page - Payment Transaction Check Payment Form" time="70.102" classname="Check Payment Form">
    </testcase>
    <testcase name="Pricing Page Test Cases 6) Pricing Page - Payment Transaction Check Upgrade button" time="8.965" classname="Check Upgrade button">
    </testcase>
  </testsuite>
</testsuites>